[2011-05-29 18:14:36] request.ERROR: No route found for "GET /" 
[2011-05-29 18:14:36] request.ERROR: Symfony\Component\HttpKernel\Exception\NotFoundHttpException: No route found for "GET /" (uncaught exception) at /home/matias/libs/symfony2.0/src/Symfony/Bundle/FrameworkBundle/RequestListener.php line 115 
[2011-05-29 18:14:36] request.INFO: Using controller "Symfony\Bundle\FrameworkBundle\Controller\ExceptionController::showAction" 
[2011-05-29 18:14:48] request.ERROR: No route found for "GET /frontend_dev.php" 
[2011-05-29 18:14:48] request.ERROR: Symfony\Component\HttpKernel\Exception\NotFoundHttpException: No route found for "GET /frontend_dev.php" (uncaught exception) at /home/matias/libs/symfony2.0/src/Symfony/Bundle/FrameworkBundle/RequestListener.php line 115 
[2011-05-29 18:14:48] request.INFO: Using controller "Symfony\Bundle\FrameworkBundle\Controller\ExceptionController::showAction" 
[2011-05-29 19:12:47] request.ERROR: No route found for "GET /server" 
[2011-05-29 19:12:47] request.ERROR: Symfony\Component\HttpKernel\Exception\NotFoundHttpException: No route found for "GET /server" (uncaught exception) at /home/matias/libs/symfony2.0/src/Symfony/Bundle/FrameworkBundle/RequestListener.php line 115 
[2011-05-29 19:12:47] request.INFO: Using controller "Symfony\Bundle\FrameworkBundle\Controller\ExceptionController::showAction" 
[2011-05-29 19:12:54] request.ERROR: No route found for "GET /server" 
[2011-05-29 19:12:54] request.ERROR: Symfony\Component\HttpKernel\Exception\NotFoundHttpException: No route found for "GET /server" (uncaught exception) at /home/matias/libs/symfony2.0/src/Symfony/Bundle/FrameworkBundle/RequestListener.php line 115 
[2011-05-29 19:12:54] request.INFO: Using controller "Symfony\Bundle\FrameworkBundle\Controller\ExceptionController::showAction" 
[2011-05-29 19:12:57] request.ERROR: No route found for "GET /server" 
[2011-05-29 19:12:57] request.ERROR: Symfony\Component\HttpKernel\Exception\NotFoundHttpException: No route found for "GET /server" (uncaught exception) at /home/matias/libs/symfony2.0/src/Symfony/Bundle/FrameworkBundle/RequestListener.php line 115 
[2011-05-29 19:12:57] request.INFO: Using controller "Symfony\Bundle\FrameworkBundle\Controller\ExceptionController::showAction" 
[2011-05-29 19:13:00] request.ERROR: No route found for "GET /server" 
[2011-05-29 19:13:00] request.ERROR: Symfony\Component\HttpKernel\Exception\NotFoundHttpException: No route found for "GET /server" (uncaught exception) at /home/matias/libs/symfony2.0/src/Symfony/Bundle/FrameworkBundle/RequestListener.php line 115 
[2011-05-29 19:13:00] request.INFO: Using controller "Symfony\Bundle\FrameworkBundle\Controller\ExceptionController::showAction" 
[2011-05-29 20:16:40] request.ERROR: No route found for "GET /server" 
[2011-05-29 20:16:40] request.ERROR: Symfony\Component\HttpKernel\Exception\NotFoundHttpException: No route found for "GET /server" (uncaught exception) at /home/matias/libs/symfony2.0/src/Symfony/Bundle/FrameworkBundle/RequestListener.php line 115 
[2011-05-29 20:16:40] request.INFO: Using controller "Symfony\Bundle\FrameworkBundle\Controller\ExceptionController::showAction" 
[2011-06-03 01:03:16] request.ERROR: No route found for "GET /" 
[2011-06-03 01:03:16] request.ERROR: Symfony\Component\HttpKernel\Exception\NotFoundHttpException: No route found for "GET /" (uncaught exception) at /home/matias/libs/symfony2.0/src/Symfony/Bundle/FrameworkBundle/RequestListener.php line 115 
[2011-06-03 01:03:16] request.INFO: Using controller "Symfony\Bundle\FrameworkBundle\Controller\ExceptionController::showAction" 
[2011-06-08 00:32:58] request.ERROR: No route found for "GET /" 
[2011-06-08 00:32:58] request.ERROR: Symfony\Component\HttpKernel\Exception\NotFoundHttpException: No route found for "GET /" (uncaught exception) at /home/matias/libs/symfony2.0/src/Symfony/Bundle/FrameworkBundle/RequestListener.php line 115 
[2011-06-08 00:32:58] request.INFO: Using controller "Symfony\Bundle\FrameworkBundle\Controller\ExceptionController::showAction" 
[2011-06-08 20:03:25] request.ERROR: No route found for "GET /" 
[2011-06-08 20:03:26] request.ERROR: Symfony\Component\HttpKernel\Exception\NotFoundHttpException: No route found for "GET /" (uncaught exception) at /home/matias/libs/symfony2.0/src/Symfony/Bundle/FrameworkBundle/RequestListener.php line 115 
[2011-06-08 20:03:26] request.INFO: Using controller "Symfony\Bundle\FrameworkBundle\Controller\ExceptionController::showAction" 
[2011-06-08 20:06:07] request.ERROR: No route found for "GET /" 
[2011-06-08 20:06:07] request.ERROR: Symfony\Component\HttpKernel\Exception\NotFoundHttpException: No route found for "GET /" (uncaught exception) at /home/matias/libs/symfony2.0/src/Symfony/Bundle/FrameworkBundle/RequestListener.php line 115 
[2011-06-08 20:06:07] request.INFO: Using controller "Symfony\Bundle\FrameworkBundle\Controller\ExceptionController::showAction" 
[2011-06-08 20:06:08] request.ERROR: No route found for "GET /" 
[2011-06-08 20:06:08] request.ERROR: Symfony\Component\HttpKernel\Exception\NotFoundHttpException: No route found for "GET /" (uncaught exception) at /home/matias/libs/symfony2.0/src/Symfony/Bundle/FrameworkBundle/RequestListener.php line 115 
[2011-06-08 20:06:08] request.INFO: Using controller "Symfony\Bundle\FrameworkBundle\Controller\ExceptionController::showAction" 
